<?xml version="1.0" encoding="UTF-8" ?>
<testsuite tests="1" failures="0" name="agh.wggios.analizadanych.AppTest" time="0.006" errors="0" skipped="0">
  <properties>
    <property name="idea.version" value="2021.3.1"/>
    <property name="java.runtime.name" value="OpenJDK Runtime Environment"/>
    <property name="sun.boot.library.path" value="C:\Program Files\Eclipse Adoptium\jdk-8.0.322.6-hotspot\jre\bin"/>
    <property name="java.vm.version" value="25.322-b06"/>
    <property name="java.vm.vendor" value="Temurin"/>
    <property name="maven.multiModuleProjectDirectory" value="D:\Programowanie\spark-maven-demo"/>
    <property name="java.vendor.url" value="https://adoptium.net/"/>
    <property name="path.separator" value=";"/>
    <property name="guice.disable.misplaced.annotation.check" value="true"/>
    <property name="java.vm.name" value="OpenJDK 64-Bit Server VM"/>
    <property name="file.encoding.pkg" value="sun.io"/>
    <property name="jna.loaded" value="true"/>
    <property name="user.script" value=""/>
    <property name="user.country" value="PL"/>
    <property name="sun.java.launcher" value="SUN_STANDARD"/>
    <property name="sun.os.patch.level" value=""/>
    <property name="java.vm.specification.name" value="Java Virtual Machine Specification"/>
    <property name="user.dir" value="D:\Programowanie\spark-maven-demo"/>
    <property name="java.runtime.version" value="1.8.0_322-b06"/>
    <property name="java.awt.graphicsenv" value="sun.awt.Win32GraphicsEnvironment"/>
    <property name="java.endorsed.dirs" value="C:\Program Files\Eclipse Adoptium\jdk-8.0.322.6-hotspot\jre\lib\endorsed"/>
    <property name="os.arch" value="amd64"/>
    <property name="java.io.tmpdir" value="C:\Users\KIEROW~1\AppData\Local\Temp\"/>
    <property name="line.separator" value="
"/>
    <property name="java.vm.specification.vendor" value="Oracle Corporation"/>
    <property name="user.variant" value=""/>
    <property name="os.name" value="Windows 10"/>
    <property name="maven.ext.class.path" value="D:\Aplikacje\intelllij\IntelliJ IDEA 2021.3.1\plugins\maven\lib\maven-event-listener.jar"/>
    <property name="classworlds.conf" value="D:\Aplikacje\intelllij\IntelliJ IDEA 2021.3.1\plugins\maven\lib\maven3\bin\m2.conf"/>
    <property name="sun.jnu.encoding" value="Cp1250"/>
    <property name="jnidispatch.path" value="C:\Users\KIEROW~1\AppData\Local\Temp\jna--1290160291\jna531112034171553448.dll"/>
    <property name="java.library.path" value="C:\Program Files\Eclipse Adoptium\jdk-8.0.322.6-hotspot\bin;C:\WINDOWS\Sun\Java\bin;C:\WINDOWS\system32;C:\WINDOWS;C:\Program Files\Eclipse Adoptium\jdk-8.0.322.6-hotspot\bin;C:\Python38\Scripts\;C:\Python38\;C:\WINDOWS\system32;C:\WINDOWS;C:\WINDOWS\System32\Wbem;C:\WINDOWS\System32\WindowsPowerShell\v1.0\;C:\WINDOWS\System32\OpenSSH\;C:\ProgramData\chocolatey\bin;C:\Program Files\NVIDIA Corporation\NVIDIA NvDLISR;C:\Program Files (x86)\IVI Foundation\VISA\WinNT\Bin\;C:\Program Files\IVI Foundation\VISA\Win64\Bin\;C:\Program Files\PuTTY\;C:\WINDOWS\system32;C:\WINDOWS;C:\WINDOWS\System32\Wbem;C:\WINDOWS\System32\WindowsPowerShell\v1.0\;C:\WINDOWS\System32\OpenSSH\;D:\Aplikacje\matalb\bin;C:\Program Files (x86)\Git\cmd;C:\Program Files\Git\bin\;C:\Program Files\Git\cmd\;C:\Program Files\hadoop-3.2.2\bin;D:\Aplikacje\wwintuils\winutils-master\winutils-master\hadoop-3.2.2\bin;C:\Program Files\spark-3.1.3-bin-hadoop3.2\bin;C:\Program Files\Eclipse Adoptium\jdk-8.0.322.6-hotspot\bin;D:\Aplikacje\sca\;D:\Aplikacje\Anaconda\Anaconda;D:\Aplikacje\Anaconda\Anaconda\Library\mingw-w64\bin;D:\Aplikacje\Anaconda\Anaconda\Library\usr\bin;D:\Aplikacje\Anaconda\Anaconda\Library\bin;D:\Aplikacje\Anaconda\Anaconda\Scripts;C:\Users\Kierownik\AppData\Local\Microsoft\WindowsApps;D:\Aplikacje\PyCharm\PyCharm Community Edition 2020.1.3\bin;;C:\Program Files\JetBrains\CLion 2021.3.2\bin;;D:\Aplikacje\TeXStudio\TeXStudio\miktex\bin\x64\;C:\Users\Kierownik\AppData\Roaming\TinyTeX\bin\win32;D:\Aplikacje\intelllij\IntelliJ IDEA 2021.3.1\bin;;;C:\Users\Kierownik\AppData\Local\Coursier\cache\arc\https\github.com\AdoptOpenJDK\openjdk8-binaries\releases\download\jdk8u292-b10\OpenJDK8U-jdk_x64_windows_hotspot_8u292b10.zip\jdk8u292-b10\bin;C:\Users\Kierownik\AppData\Local\Coursier\data\bin;."/>
    <property name="maven.conf" value="D:\Aplikacje\intelllij\IntelliJ IDEA 2021.3.1\plugins\maven\lib\maven3/conf"/>
    <property name="java.specification.name" value="Java Platform API Specification"/>
    <property name="java.class.version" value="52.0"/>
    <property name="sun.management.compiler" value="HotSpot 64-Bit Tiered Compilers"/>
    <property name="os.version" value="10.0"/>
    <property name="user.home" value="C:\Users\Kierownik"/>
    <property name="user.timezone" value="Europe/Belgrade"/>
    <property name="java.awt.printerjob" value="sun.awt.windows.WPrinterJob"/>
    <property name="java.specification.version" value="1.8"/>
    <property name="file.encoding" value="UTF-8"/>
    <property name="user.name" value="Kierownik"/>
    <property name="java.class.path" value="D:\Aplikacje\intelllij\IntelliJ IDEA 2021.3.1\plugins\maven\lib\maven3\boot\plexus-classworlds-2.6.0.jar;D:\Aplikacje\intelllij\IntelliJ IDEA 2021.3.1\plugins\maven\lib\maven3\boot\plexus-classworlds.license;D:\Aplikacje\intelllij\IntelliJ IDEA 2021.3.1\lib\idea_rt.jar"/>
    <property name="java.vm.specification.version" value="1.8"/>
    <property name="sun.arch.data.model" value="64"/>
    <property name="java.home" value="C:\Program Files\Eclipse Adoptium\jdk-8.0.322.6-hotspot\jre"/>
    <property name="sun.java.command" value="org.codehaus.classworlds.Launcher -Didea.version=2021.3.1 install"/>
    <property name="java.specification.vendor" value="Oracle Corporation"/>
    <property name="user.language" value="pl"/>
    <property name="awt.toolkit" value="sun.awt.windows.WToolkit"/>
    <property name="java.vm.info" value="mixed mode"/>
    <property name="java.version" value="1.8.0_322"/>
    <property name="java.ext.dirs" value="C:\Program Files\Eclipse Adoptium\jdk-8.0.322.6-hotspot\jre\lib\ext;C:\WINDOWS\Sun\Java\lib\ext"/>
    <property name="sun.boot.class.path" value="C:\Program Files\Eclipse Adoptium\jdk-8.0.322.6-hotspot\jre\lib\resources.jar;C:\Program Files\Eclipse Adoptium\jdk-8.0.322.6-hotspot\jre\lib\rt.jar;C:\Program Files\Eclipse Adoptium\jdk-8.0.322.6-hotspot\jre\lib\sunrsasign.jar;C:\Program Files\Eclipse Adoptium\jdk-8.0.322.6-hotspot\jre\lib\jsse.jar;C:\Program Files\Eclipse Adoptium\jdk-8.0.322.6-hotspot\jre\lib\jce.jar;C:\Program Files\Eclipse Adoptium\jdk-8.0.322.6-hotspot\jre\lib\charsets.jar;C:\Program Files\Eclipse Adoptium\jdk-8.0.322.6-hotspot\jre\lib\jfr.jar;C:\Program Files\Eclipse Adoptium\jdk-8.0.322.6-hotspot\jre\classes"/>
    <property name="java.vendor" value="Temurin"/>
    <property name="maven.home" value="D:\Aplikacje\intelllij\IntelliJ IDEA 2021.3.1\plugins\maven\lib\maven3"/>
    <property name="file.separator" value="\"/>
    <property name="java.vendor.url.bug" value="https://github.com/adoptium/adoptium-support/issues"/>
    <property name="sun.cpu.endian" value="little"/>
    <property name="sun.io.unicode.encoding" value="UnicodeLittle"/>
    <property name="sun.desktop" value="windows"/>
    <property name="sun.cpu.isalist" value="amd64"/>
  </properties>
  <testcase classname="agh.wggios.analizadanych.AppTest" name="testOK" time="0.006"/>
</testsuite>